Build started 4.11.2013 19:21:58.
     1>Project "F:\CEN133-SOFTWARE ENGINEER\PROJECTS\PRODUCT COUNT SYSTEM\PRODUCT COUNT SYSTEM\PRODUCT COUNT SYSTEM.vcxproj" on node 2 (rebuild target(s)).
     1>_PrepareForClean:
         Deleting file "Debug\PRODUCT COUNT SYSTEM.lastbuildstate".
       InitializeBuildStatus:
         Creating "Debug\PRODUCT COUNT SYSTEM.unsuccessfulbuild" because "AlwaysCreate" was specified.
       ClCompile:
         C:\Program Files (x86)\Microsoft Visual Studio 10.0\VC\bin\CL.exe /c /ZI /nologo /W3 /WX- /Od /Oy- /D "WIN32" /D _DEBUG /D _CONSOLE /D "_UNICODE" /D "UNICODE" /Gm /EHsc /RTC1 /MDd /GS /fp:precise /Zc:wchar_t /Zc:forScope /Fo"Debug\\" /Fd"Debug\vc100.pdb" /Gd /TC /analyze- /errorReport:prompt PCS.c
         PCS.c
       ManifestResourceCompile:
         C:\Program Files (x86)\Microsoft SDKs\Windows\v7.0A\bin\rc.exe /nologo /fo"Debug\PRODUCT COUNT SYSTEM.exe.embed.manifest.res" "Debug\PRODUCT COUNT SYSTEM_manifest.rc" 
       Link:
         C:\Program Files (x86)\Microsoft Visual Studio 10.0\VC\bin\link.exe /ERRORREPORT:PROMPT /OUT:"F:\CEN133-SOFTWARE ENGINEER\PROJECTS\PRODUCT COUNT SYSTEM\Debug\PRODUCT COUNT SYSTEM.exe" /INCREMENTAL /NOLOGO kernel32.lib user32.lib gdi32.lib winspool.lib comdlg32.lib advapi32.lib shell32.lib ole32.lib oleaut32.lib uuid.lib odbc32.lib odbccp32.lib /MANIFEST /ManifestFile:"Debug\PRODUCT COUNT SYSTEM.exe.intermediate.manifest" /MANIFESTUAC:"level='asInvoker' uiAccess='false'" /DEBUG /PDB:"F:\CEN133-SOFTWARE ENGINEER\PROJECTS\PRODUCT COUNT SYSTEM\Debug\PRODUCT COUNT SYSTEM.pdb" /SUBSYSTEM:CONSOLE /TLBID:1 /DYNAMICBASE /NXCOMPAT /IMPLIB:"F:\CEN133-SOFTWARE ENGINEER\PROJECTS\PRODUCT COUNT SYSTEM\Debug\PRODUCT COUNT SYSTEM.lib" /MACHINE:X86 "Debug\PRODUCT COUNT SYSTEM.exe.embed.manifest.res"
         Debug\PCS.obj
       Manifest:
         Deleting file "Debug\PRODUCT COUNT SYSTEM.exe.embed.manifest".
         C:\Program Files (x86)\Microsoft SDKs\Windows\v7.0A\bin\mt.exe /nologo /verbose /out:"Debug\PRODUCT COUNT SYSTEM.exe.embed.manifest" /manifest "Debug\PRODUCT COUNT SYSTEM.exe.intermediate.manifest"
         C:\Program Files (x86)\Microsoft SDKs\Windows\v7.0A\bin\rc.exe /nologo /fo"Debug\PRODUCT COUNT SYSTEM.exe.embed.manifest.res" "Debug\PRODUCT COUNT SYSTEM_manifest.rc" 
       LinkEmbedManifest:
         C:\Program Files (x86)\Microsoft Visual Studio 10.0\VC\bin\link.exe /ERRORREPORT:PROMPT /OUT:"F:\CEN133-SOFTWARE ENGINEER\PROJECTS\PRODUCT COUNT SYSTEM\Debug\PRODUCT COUNT SYSTEM.exe" /INCREMENTAL /NOLOGO kernel32.lib user32.lib gdi32.lib winspool.lib comdlg32.lib advapi32.lib shell32.lib ole32.lib oleaut32.lib uuid.lib odbc32.lib odbccp32.lib /MANIFEST /ManifestFile:"Debug\PRODUCT COUNT SYSTEM.exe.intermediate.manifest" /MANIFESTUAC:"level='asInvoker' uiAccess='false'" /DEBUG /PDB:"F:\CEN133-SOFTWARE ENGINEER\PROJECTS\PRODUCT COUNT SYSTEM\Debug\PRODUCT COUNT SYSTEM.pdb" /SUBSYSTEM:CONSOLE /TLBID:1 /DYNAMICBASE /NXCOMPAT /IMPLIB:"F:\CEN133-SOFTWARE ENGINEER\PROJECTS\PRODUCT COUNT SYSTEM\Debug\PRODUCT COUNT SYSTEM.lib" /MACHINE:X86 "Debug\PRODUCT COUNT SYSTEM.exe.embed.manifest.res"
         Debug\PCS.obj
         PRODUCT COUNT SYSTEM.vcxproj -> F:\CEN133-SOFTWARE ENGINEER\PROJECTS\PRODUCT COUNT SYSTEM\Debug\PRODUCT COUNT SYSTEM.exe
       FinalizeBuildStatus:
         Deleting file "Debug\PRODUCT COUNT SYSTEM.unsuccessfulbuild".
         Touching "Debug\PRODUCT COUNT SYSTEM.lastbuildstate".
     1>Done Building Project "F:\CEN133-SOFTWARE ENGINEER\PROJECTS\PRODUCT COUNT SYSTEM\PRODUCT COUNT SYSTEM\PRODUCT COUNT SYSTEM.vcxproj" (rebuild target(s)).

Build succeeded.

Time Elapsed 00:00:00.52
