C:\USERS\GOKDERE\DOCUMENTS\VISUAL STUDIO 2010\PROJECTS\PRODUCT COUNT SYSTEM\DEBUG\PRODUCT COUNT SYSTEM.EXE
C:\USERS\GOKDERE\DOCUMENTS\VISUAL STUDIO 2010\PROJECTS\PRODUCT COUNT SYSTEM\DEBUG\PRODUCT COUNT SYSTEM.ILK
C:\USERS\GOKDERE\DOCUMENTS\VISUAL STUDIO 2010\PROJECTS\PRODUCT COUNT SYSTEM\DEBUG\PRODUCT COUNT SYSTEM.PDB
C:\USERS\GOKDERE\DOCUMENTS\VISUAL STUDIO 2010\PROJECTS\PRODUCT COUNT SYSTEM\PRODUCT COUNT SYSTEM\DEBUG\PCS.OBJ
C:\USERS\GOKDERE\DOCUMENTS\VISUAL STUDIO 2010\PROJECTS\PRODUCT COUNT SYSTEM\PRODUCT COUNT SYSTEM\DEBUG\PRODUCT COUNT SYSTEM.EXE.EMBED.MANIFEST
C:\USERS\GOKDERE\DOCUMENTS\VISUAL STUDIO 2010\PROJECTS\PRODUCT COUNT SYSTEM\PRODUCT COUNT SYSTEM\DEBUG\PRODUCT COUNT SYSTEM.EXE.EMBED.MANIFEST.RES
C:\USERS\GOKDERE\DOCUMENTS\VISUAL STUDIO 2010\PROJECTS\PRODUCT COUNT SYSTEM\PRODUCT COUNT SYSTEM\DEBUG\PRODUCT COUNT SYSTEM.EXE.INTERMEDIATE.MANIFEST
C:\USERS\GOKDERE\DOCUMENTS\VISUAL STUDIO 2010\PROJECTS\PRODUCT COUNT SYSTEM\PRODUCT COUNT SYSTEM\DEBUG\VC100.PDB
F:\CEN133-SOFTWARE ENGINEER\PROJECTS\PRODUCT COUNT SYSTEM\Debug\PRODUCT COUNT SYSTEM.exe
F:\CEN133-SOFTWARE ENGINEER\PROJECTS\PRODUCT COUNT SYSTEM\Debug\PRODUCT COUNT SYSTEM.ilk
F:\CEN133-SOFTWARE ENGINEER\PROJECTS\PRODUCT COUNT SYSTEM\Debug\PRODUCT COUNT SYSTEM.pdb
F:\CEN133-SOFTWARE ENGINEER\PROJECTS\PRODUCT COUNT SYSTEM\PRODUCT COUNT SYSTEM\Debug\cl.command.1.tlog
F:\CEN133-SOFTWARE ENGINEER\PROJECTS\PRODUCT COUNT SYSTEM\PRODUCT COUNT SYSTEM\Debug\CL.read.1.tlog
F:\CEN133-SOFTWARE ENGINEER\PROJECTS\PRODUCT COUNT SYSTEM\PRODUCT COUNT SYSTEM\Debug\CL.write.1.tlog
F:\CEN133-SOFTWARE ENGINEER\PROJECTS\PRODUCT COUNT SYSTEM\PRODUCT COUNT SYSTEM\Debug\link.4620.read.1.tlog
F:\CEN133-SOFTWARE ENGINEER\PROJECTS\PRODUCT COUNT SYSTEM\PRODUCT COUNT SYSTEM\Debug\link.4620.write.1.tlog
F:\CEN133-SOFTWARE ENGINEER\PROJECTS\PRODUCT COUNT SYSTEM\PRODUCT COUNT SYSTEM\Debug\link.4620-cvtres.read.1.tlog
F:\CEN133-SOFTWARE ENGINEER\PROJECTS\PRODUCT COUNT SYSTEM\PRODUCT COUNT SYSTEM\Debug\link.4620-cvtres.write.1.tlog
F:\CEN133-SOFTWARE ENGINEER\PROJECTS\PRODUCT COUNT SYSTEM\PRODUCT COUNT SYSTEM\Debug\link.command.1.tlog
F:\CEN133-SOFTWARE ENGINEER\PROJECTS\PRODUCT COUNT SYSTEM\PRODUCT COUNT SYSTEM\Debug\link.read.1.tlog
F:\CEN133-SOFTWARE ENGINEER\PROJECTS\PRODUCT COUNT SYSTEM\PRODUCT COUNT SYSTEM\Debug\link.write.1.tlog
F:\CEN133-SOFTWARE ENGINEER\PROJECTS\PRODUCT COUNT SYSTEM\PRODUCT COUNT SYSTEM\Debug\link-cvtres.read.1.tlog
F:\CEN133-SOFTWARE ENGINEER\PROJECTS\PRODUCT COUNT SYSTEM\PRODUCT COUNT SYSTEM\Debug\link-cvtres.write.1.tlog
F:\CEN133-SOFTWARE ENGINEER\PROJECTS\PRODUCT COUNT SYSTEM\PRODUCT COUNT SYSTEM\Debug\mt.command.1.tlog
F:\CEN133-SOFTWARE ENGINEER\PROJECTS\PRODUCT COUNT SYSTEM\PRODUCT COUNT SYSTEM\Debug\mt.read.1.tlog
F:\CEN133-SOFTWARE ENGINEER\PROJECTS\PRODUCT COUNT SYSTEM\PRODUCT COUNT SYSTEM\Debug\mt.write.1.tlog
F:\CEN133-SOFTWARE ENGINEER\PROJECTS\PRODUCT COUNT SYSTEM\PRODUCT COUNT SYSTEM\Debug\PCS.obj
F:\CEN133-SOFTWARE ENGINEER\PROJECTS\PRODUCT COUNT SYSTEM\PRODUCT COUNT SYSTEM\Debug\PRODUCT COUNT SYSTEM.exe.embed.manifest
F:\CEN133-SOFTWARE ENGINEER\PROJECTS\PRODUCT COUNT SYSTEM\PRODUCT COUNT SYSTEM\Debug\PRODUCT COUNT SYSTEM.exe.embed.manifest.res
F:\CEN133-SOFTWARE ENGINEER\PROJECTS\PRODUCT COUNT SYSTEM\PRODUCT COUNT SYSTEM\Debug\PRODUCT COUNT SYSTEM.exe.intermediate.manifest
F:\CEN133-SOFTWARE ENGINEER\PROJECTS\PRODUCT COUNT SYSTEM\PRODUCT COUNT SYSTEM\Debug\PRODUCT COUNT SYSTEM_manifest.rc
F:\CEN133-SOFTWARE ENGINEER\PROJECTS\PRODUCT COUNT SYSTEM\PRODUCT COUNT SYSTEM\Debug\rc.command.1.tlog
F:\CEN133-SOFTWARE ENGINEER\PROJECTS\PRODUCT COUNT SYSTEM\PRODUCT COUNT SYSTEM\Debug\rc.read.1.tlog
F:\CEN133-SOFTWARE ENGINEER\PROJECTS\PRODUCT COUNT SYSTEM\PRODUCT COUNT SYSTEM\Debug\rc.write.1.tlog
F:\CEN133-SOFTWARE ENGINEER\PROJECTS\PRODUCT COUNT SYSTEM\PRODUCT COUNT SYSTEM\Debug\vc100.idb
F:\CEN133-SOFTWARE ENGINEER\PROJECTS\PRODUCT COUNT SYSTEM\PRODUCT COUNT SYSTEM\Debug\vc100.pdb
